This file contains any messages produced by compilers while
running configure, to aid debugging if configure makes a mistake.

It was created by cudaminer configure 2014.02.02, which was
generated by GNU Autoconf 2.68.  Invocation command line was

  $ ./configure --no-create --no-recursion

## --------- ##
## Platform. ##
## --------- ##

hostname = Rennsemmel
uname -m = x86_64
uname -r = 3.5.0-45-generic
uname -s = Linux
uname -v = #68~precise1-Ubuntu SMP Wed Dec 4 16:18:46 UTC 2013

/usr/bin/uname -p = unknown
/bin/uname -X     = unknown

/bin/arch              = unknown
/usr/bin/arch -k       = unknown
/usr/convex/getsysinfo = unknown
/usr/bin/hostinfo      = unknown
/bin/machine           = unknown
/usr/bin/oslevel       = unknown
/bin/universe          = unknown

PATH: /usr/local/cuda/bin
PATH: /usr/local/sbin
PATH: /usr/local/bin
PATH: /usr/sbin
PATH: /usr/bin
PATH: /sbin
PATH: /bin
PATH: /usr/games


## ----------- ##
## Core tests. ##
## ----------- ##

configure:2358: checking build system type
configure:2372: result: x86_64-unknown-linux-gnu
configure:2392: checking host system type
configure:2405: result: x86_64-unknown-linux-gnu
configure:2425: checking target system type
configure:2438: result: x86_64-unknown-linux-gnu
configure:2482: checking for a BSD-compatible install
configure:2550: result: /usr/bin/install -c
configure:2561: checking whether build environment is sane
configure:2611: result: yes
configure:2752: checking for a thread-safe mkdir -p
configure:2791: result: /bin/mkdir -p
configure:2804: checking for gawk
configure:2820: found /usr/bin/gawk
configure:2831: result: gawk
configure:2842: checking whether make sets $(MAKE)
configure:2864: result: yes
configure:2948: checking whether to enable maintainer-specific portions of Makefiles
configure:2957: result: no
configure:2983: checking for style of include used by make
configure:3011: result: GNU
configure:3082: checking for gcc
configure:3098: found /usr/bin/gcc
configure:3109: result: gcc
configure:3338: checking for C compiler version
configure:3347: gcc --version >&5
gcc (Ubuntu/Linaro 4.6.3-1ubuntu5) 4.6.3
Copyright (C) 2011 Free Software Foundation, Inc.
This is free software; see the source for copying conditions.  There is NO
warranty; not even for MERCHANTABILITY or FITNESS FOR A PARTICULAR PURPOSE.

configure:3358: $? = 0
configure:3347: gcc -v >&5
Using built-in specs.
COLLECT_GCC=gcc
COLLECT_LTO_WRAPPER=/usr/lib/gcc/x86_64-linux-gnu/4.6/lto-wrapper
Target: x86_64-linux-gnu
Configured with: ../src/configure -v --with-pkgversion='Ubuntu/Linaro 4.6.3-1ubuntu5' --with-bugurl=file:///usr/share/doc/gcc-4.6/README.Bugs --enable-languages=c,c++,fortran,objc,obj-c++ --prefix=/usr --program-suffix=-4.6 --enable-shared --enable-linker-build-id --with-system-zlib --libexecdir=/usr/lib --without-included-gettext --enable-threads=posix --with-gxx-include-dir=/usr/include/c++/4.6 --libdir=/usr/lib --enable-nls --with-sysroot=/ --enable-clocale=gnu --enable-libstdcxx-debug --enable-libstdcxx-time=yes --enable-gnu-unique-object --enable-plugin --enable-objc-gc --disable-werror --with-arch-32=i686 --with-tune=generic --enable-checking=release --build=x86_64-linux-gnu --host=x86_64-linux-gnu --target=x86_64-linux-gnu
Thread model: posix
gcc version 4.6.3 (Ubuntu/Linaro 4.6.3-1ubuntu5) 
configure:3358: $? = 0
configure:3347: gcc -V >&5
gcc: error: unrecognized option '-V'
gcc: fatal error: no input files
compilation terminated.
configure:3358: $? = 4
configure:3347: gcc -qversion >&5
gcc: error: unrecognized option '-qversion'
gcc: fatal error: no input files
compilation terminated.
configure:3358: $? = 4
configure:3378: checking whether the C compiler works
configure:3400: gcc    conftest.c  >&5
configure:3404: $? = 0
configure:3452: result: yes
configure:3455: checking for C compiler default output file name
configure:3457: result: a.out
configure:3463: checking for suffix of executables
configure:3470: gcc -o conftest    conftest.c  >&5
configure:3474: $? = 0
configure:3496: result: 
configure:3518: checking whether we are cross compiling
configure:3526: gcc -o conftest    conftest.c  >&5
configure:3530: $? = 0
configure:3537: ./conftest
configure:3541: $? = 0
configure:3556: result: no
configure:3561: checking for suffix of object files
configure:3583: gcc -c   conftest.c >&5
configure:3587: $? = 0
configure:3608: result: o
configure:3612: checking whether we are using the GNU C compiler
configure:3631: gcc -c   conftest.c >&5
configure:3631: $? = 0
configure:3640: result: yes
configure:3649: checking whether gcc accepts -g
configure:3669: gcc -c -g  conftest.c >&5
configure:3669: $? = 0
configure:3710: result: yes
configure:3727: checking for gcc option to accept ISO C89
configure:3791: gcc  -c -g -O2  conftest.c >&5
configure:3791: $? = 0
configure:3804: result: none needed
configure:3826: checking dependency style of gcc
configure:3937: result: gcc3
configure:3952: checking for gcc option to accept ISO C99
configure:4101: gcc  -c -g -O2  conftest.c >&5
conftest.c:61:29: error: expected ';', ',' or ')' before 'text'
conftest.c: In function 'main':
conftest.c:115:18: error: expected '=', ',', ';', 'asm' or '__attribute__' before 'newvar'
conftest.c:115:18: error: 'newvar' undeclared (first use in this function)
conftest.c:115:18: note: each undeclared identifier is reported only once for each function it appears in
conftest.c:125:3: error: 'for' loop initial declarations are only allowed in C99 mode
conftest.c:125:3: note: use option -std=c99 or -std=gnu99 to compile your code
configure:4101: $? = 1
configure: failed program was:
| /* confdefs.h */
| #define PACKAGE_NAME "cudaminer"
| #define PACKAGE_TARNAME "cudaminer"
| #define PACKAGE_VERSION "2014.02.02"
| #define PACKAGE_STRING "cudaminer 2014.02.02"
| #define PACKAGE_BUGREPORT ""
| #define PACKAGE_URL ""
| #define PACKAGE "cudaminer"
| #define VERSION "2014.02.02"
| /* end confdefs.h.  */
| #include <stdarg.h>
| #include <stdbool.h>
| #include <stdlib.h>
| #include <wchar.h>
| #include <stdio.h>
| 
| // Check varargs macros.  These examples are taken from C99 6.10.3.5.
| #define debug(...) fprintf (stderr, __VA_ARGS__)
| #define showlist(...) puts (#__VA_ARGS__)
| #define report(test,...) ((test) ? puts (#test) : printf (__VA_ARGS__))
| static void
| test_varargs_macros (void)
| {
|   int x = 1234;
|   int y = 5678;
|   debug ("Flag");
|   debug ("X = %d\n", x);
|   showlist (The first, second, and third items.);
|   report (x>y, "x is %d but y is %d", x, y);
| }
| 
| // Check long long types.
| #define BIG64 18446744073709551615ull
| #define BIG32 4294967295ul
| #define BIG_OK (BIG64 / BIG32 == 4294967297ull && BIG64 % BIG32 == 0)
| #if !BIG_OK
|   your preprocessor is broken;
| #endif
| #if BIG_OK
| #else
|   your preprocessor is broken;
| #endif
| static long long int bignum = -9223372036854775807LL;
| static unsigned long long int ubignum = BIG64;
| 
| struct incomplete_array
| {
|   int datasize;
|   double data[];
| };
| 
| struct named_init {
|   int number;
|   const wchar_t *name;
|   double average;
| };
| 
| typedef const char *ccp;
| 
| static inline int
| test_restrict (ccp restrict text)
| {
|   // See if C++-style comments work.
|   // Iterate through items via the restricted pointer.
|   // Also check for declarations in for loops.
|   for (unsigned int i = 0; *(text+i) != '\0'; ++i)
|     continue;
|   return 0;
| }
| 
| // Check varargs and va_copy.
| static void
| test_varargs (const char *format, ...)
| {
|   va_list args;
|   va_start (args, format);
|   va_list args_copy;
|   va_copy (args_copy, args);
| 
|   const char *str;
|   int number;
|   float fnumber;
| 
|   while (*format)
|     {
|       switch (*format++)
| 	{
| 	case 's': // string
| 	  str = va_arg (args_copy, const char *);
| 	  break;
| 	case 'd': // int
| 	  number = va_arg (args_copy, int);
| 	  break;
| 	case 'f': // float
| 	  fnumber = va_arg (args_copy, double);
| 	  break;
| 	default:
| 	  break;
| 	}
|     }
|   va_end (args_copy);
|   va_end (args);
| }
| 
| int
| main ()
| {
| 
|   // Check bool.
|   _Bool success = false;
| 
|   // Check restrict.
|   if (test_restrict ("String literal") == 0)
|     success = true;
|   char *restrict newvar = "Another string";
| 
|   // Check varargs.
|   test_varargs ("s, d' f .", "string", 65, 34.234);
|   test_varargs_macros ();
| 
|   // Check flexible array members.
|   struct incomplete_array *ia =
|     malloc (sizeof (struct incomplete_array) + (sizeof (double) * 10));
|   ia->datasize = 10;
|   for (int i = 0; i < ia->datasize; ++i)
|     ia->data[i] = i * 1.234;
| 
|   // Check named initializers.
|   struct named_init ni = {
|     .number = 34,
|     .name = L"Test wide string",
|     .average = 543.34343,
|   };
| 
|   ni.number = 58;
| 
|   int dynamic_array[ni.number];
|   dynamic_array[ni.number - 1] = 543;
| 
|   // work around unused variable warnings
|   return (!success || bignum == 0LL || ubignum == 0uLL || newvar[0] == 'x'
| 	  || dynamic_array[ni.number - 1] != 543);
| 
|   ;
|   return 0;
| }
configure:4101: gcc -std=gnu99 -c -g -O2  conftest.c >&5
configure:4101: $? = 0
configure:4121: result: -std=gnu99
configure:4135: checking how to run the C preprocessor
configure:4166: gcc -std=gnu99 -E  conftest.c
configure:4166: $? = 0
configure:4180: gcc -std=gnu99 -E  conftest.c
conftest.c:11:28: fatal error: ac_nonexistent.h: No such file or directory
compilation terminated.
configure:4180: $? = 1
configure: failed program was:
| /* confdefs.h */
| #define PACKAGE_NAME "cudaminer"
| #define PACKAGE_TARNAME "cudaminer"
| #define PACKAGE_VERSION "2014.02.02"
| #define PACKAGE_STRING "cudaminer 2014.02.02"
| #define PACKAGE_BUGREPORT ""
| #define PACKAGE_URL ""
| #define PACKAGE "cudaminer"
| #define VERSION "2014.02.02"
| /* end confdefs.h.  */
| #include <ac_nonexistent.h>
configure:4205: result: gcc -std=gnu99 -E
configure:4225: gcc -std=gnu99 -E  conftest.c
configure:4225: $? = 0
configure:4239: gcc -std=gnu99 -E  conftest.c
conftest.c:11:28: fatal error: ac_nonexistent.h: No such file or directory
compilation terminated.
configure:4239: $? = 1
configure: failed program was:
| /* confdefs.h */
| #define PACKAGE_NAME "cudaminer"
| #define PACKAGE_TARNAME "cudaminer"
| #define PACKAGE_VERSION "2014.02.02"
| #define PACKAGE_STRING "cudaminer 2014.02.02"
| #define PACKAGE_BUGREPORT ""
| #define PACKAGE_URL ""
| #define PACKAGE "cudaminer"
| #define VERSION "2014.02.02"
| /* end confdefs.h.  */
| #include <ac_nonexistent.h>
configure:4268: checking for grep that handles long lines and -e
configure:4326: result: /bin/grep
configure:4331: checking for egrep
configure:4393: result: /bin/grep -E
configure:4399: checking whether gcc -std=gnu99 needs -traditional
configure:4433: result: no
configure:4441: checking whether gcc -std=gnu99 and cc understand -c and -o together
configure:4472: gcc -std=gnu99 -c conftest.c -o conftest2.o >&5
configure:4476: $? = 0
configure:4482: gcc -std=gnu99 -c conftest.c -o conftest2.o >&5
configure:4486: $? = 0
configure:4497: cc -c conftest.c >&5
configure:4501: $? = 0
configure:4509: cc -c conftest.c -o conftest2.o >&5
configure:4513: $? = 0
configure:4519: cc -c conftest.c -o conftest2.o >&5
configure:4523: $? = 0
configure:4541: result: yes
configure:4575: checking dependency style of gcc -std=gnu99
configure:4684: result: gcc3
configure:4742: checking for ranlib
configure:4758: found /usr/bin/ranlib
configure:4769: result: ranlib
configure:4849: checking for g++
configure:4865: found /usr/bin/g++
configure:4876: result: g++
configure:4903: checking for C++ compiler version
configure:4912: g++ --version >&5
g++ (Ubuntu/Linaro 4.6.3-1ubuntu5) 4.6.3
Copyright (C) 2011 Free Software Foundation, Inc.
This is free software; see the source for copying conditions.  There is NO
warranty; not even for MERCHANTABILITY or FITNESS FOR A PARTICULAR PURPOSE.

configure:4923: $? = 0
configure:4912: g++ -v >&5
Using built-in specs.
COLLECT_GCC=g++
COLLECT_LTO_WRAPPER=/usr/lib/gcc/x86_64-linux-gnu/4.6/lto-wrapper
Target: x86_64-linux-gnu
Configured with: ../src/configure -v --with-pkgversion='Ubuntu/Linaro 4.6.3-1ubuntu5' --with-bugurl=file:///usr/share/doc/gcc-4.6/README.Bugs --enable-languages=c,c++,fortran,objc,obj-c++ --prefix=/usr --program-suffix=-4.6 --enable-shared --enable-linker-build-id --with-system-zlib --libexecdir=/usr/lib --without-included-gettext --enable-threads=posix --with-gxx-include-dir=/usr/include/c++/4.6 --libdir=/usr/lib --enable-nls --with-sysroot=/ --enable-clocale=gnu --enable-libstdcxx-debug --enable-libstdcxx-time=yes --enable-gnu-unique-object --enable-plugin --enable-objc-gc --disable-werror --with-arch-32=i686 --with-tune=generic --enable-checking=release --build=x86_64-linux-gnu --host=x86_64-linux-gnu --target=x86_64-linux-gnu
Thread model: posix
gcc version 4.6.3 (Ubuntu/Linaro 4.6.3-1ubuntu5) 
configure:4923: $? = 0
configure:4912: g++ -V >&5
g++: error: unrecognized option '-V'
g++: fatal error: no input files
compilation terminated.
configure:4923: $? = 4
configure:4912: g++ -qversion >&5
g++: error: unrecognized option '-qversion'
g++: fatal error: no input files
compilation terminated.
configure:4923: $? = 4
configure:4927: checking whether we are using the GNU C++ compiler
configure:4946: g++ -c   conftest.cpp >&5
configure:4946: $? = 0
configure:4955: result: yes
configure:4964: checking whether g++ accepts -g
configure:4984: g++ -c -g  conftest.cpp >&5
configure:4984: $? = 0
configure:5025: result: yes
configure:5050: checking dependency style of g++
configure:5161: result: gcc3
configure:5184: checking for gcc -std=gnu99 option to support OpenMP
configure:5199: gcc -std=gnu99 -o conftest -g -O2   conftest.c  >&5
conftest.c:13:2: error: unknown type name 'choke'
In file included from conftest.c:15:0:
/usr/lib/gcc/x86_64-linux-gnu/4.6/include/omp.h:34:1: error: expected '=', ',', ';', 'asm' or '__attribute__' before 'typedef'
configure:5199: $? = 1
configure: failed program was:
| /* confdefs.h */
| #define PACKAGE_NAME "cudaminer"
| #define PACKAGE_TARNAME "cudaminer"
| #define PACKAGE_VERSION "2014.02.02"
| #define PACKAGE_STRING "cudaminer 2014.02.02"
| #define PACKAGE_BUGREPORT ""
| #define PACKAGE_URL ""
| #define PACKAGE "cudaminer"
| #define VERSION "2014.02.02"
| /* end confdefs.h.  */
| 
| #ifndef _OPENMP
|  choke me
| #endif
| #include <omp.h>
| int main () { return omp_get_num_threads (); }
| 
configure:5216: gcc -std=gnu99 -o conftest -g -O2 -fopenmp   conftest.c  >&5
configure:5216: $? = 0
configure:5230: result: -fopenmp
configure:5242: checking for ANSI C header files
configure:5262: gcc -std=gnu99 -c -g -O2  conftest.c >&5
configure:5262: $? = 0
configure:5335: gcc -std=gnu99 -o conftest -g -O2   conftest.c  >&5
configure:5335: $? = 0
configure:5335: ./conftest
configure:5335: $? = 0
configure:5346: result: yes
configure:5359: checking for sys/types.h
configure:5359: gcc -std=gnu99 -c -g -O2  conftest.c >&5
configure:5359: $? = 0
configure:5359: result: yes
configure:5359: checking for sys/stat.h
configure:5359: gcc -std=gnu99 -c -g -O2  conftest.c >&5
configure:5359: $? = 0
configure:5359: result: yes
configure:5359: checking for stdlib.h
configure:5359: gcc -std=gnu99 -c -g -O2  conftest.c >&5
configure:5359: $? = 0
configure:5359: result: yes
configure:5359: checking for string.h
configure:5359: gcc -std=gnu99 -c -g -O2  conftest.c >&5
configure:5359: $? = 0
configure:5359: result: yes
configure:5359: checking for memory.h
configure:5359: gcc -std=gnu99 -c -g -O2  conftest.c >&5
configure:5359: $? = 0
configure:5359: result: yes
configure:5359: checking for strings.h
configure:5359: gcc -std=gnu99 -c -g -O2  conftest.c >&5
configure:5359: $? = 0
configure:5359: result: yes
configure:5359: checking for inttypes.h
configure:5359: gcc -std=gnu99 -c -g -O2  conftest.c >&5
configure:5359: $? = 0
configure:5359: result: yes
configure:5359: checking for stdint.h
configure:5359: gcc -std=gnu99 -c -g -O2  conftest.c >&5
configure:5359: $? = 0
configure:5359: result: yes
configure:5359: checking for unistd.h
configure:5359: gcc -std=gnu99 -c -g -O2  conftest.c >&5
configure:5359: $? = 0
configure:5359: result: yes
configure:5374: checking sys/endian.h usability
configure:5374: gcc -std=gnu99 -c -g -O2  conftest.c >&5
conftest.c:54:24: fatal error: sys/endian.h: No such file or directory
compilation terminated.
configure:5374: $? = 1
configure: failed program was:
| /* confdefs.h */
| #define PACKAGE_NAME "cudaminer"
| #define PACKAGE_TARNAME "cudaminer"
| #define PACKAGE_VERSION "2014.02.02"
| #define PACKAGE_STRING "cudaminer 2014.02.02"
| #define PACKAGE_BUGREPORT ""
| #define PACKAGE_URL ""
| #define PACKAGE "cudaminer"
| #define VERSION "2014.02.02"
| #define STDC_HEADERS 1
| #define HAVE_SYS_TYPES_H 1
| #define HAVE_SYS_STAT_H 1
| #define HAVE_STDLIB_H 1
| #define HAVE_STRING_H 1
| #define HAVE_MEMORY_H 1
| #define HAVE_STRINGS_H 1
| #define HAVE_INTTYPES_H 1
| #define HAVE_STDINT_H 1
| #define HAVE_UNISTD_H 1
| /* end confdefs.h.  */
| #include <stdio.h>
| #ifdef HAVE_SYS_TYPES_H
| # include <sys/types.h>
| #endif
| #ifdef HAVE_SYS_STAT_H
| # include <sys/stat.h>
| #endif
| #ifdef STDC_HEADERS
| # include <stdlib.h>
| # include <stddef.h>
| #else
| # ifdef HAVE_STDLIB_H
| #  include <stdlib.h>
| # endif
| #endif
| #ifdef HAVE_STRING_H
| # if !defined STDC_HEADERS && defined HAVE_MEMORY_H
| #  include <memory.h>
| # endif
| # include <string.h>
| #endif
| #ifdef HAVE_STRINGS_H
| # include <strings.h>
| #endif
| #ifdef HAVE_INTTYPES_H
| # include <inttypes.h>
| #endif
| #ifdef HAVE_STDINT_H
| # include <stdint.h>
| #endif
| #ifdef HAVE_UNISTD_H
| # include <unistd.h>
| #endif
| #include <sys/endian.h>
configure:5374: result: no
configure:5374: checking sys/endian.h presence
configure:5374: gcc -std=gnu99 -E  conftest.c
conftest.c:21:24: fatal error: sys/endian.h: No such file or directory
compilation terminated.
configure:5374: $? = 1
configure: failed program was:
| /* confdefs.h */
| #define PACKAGE_NAME "cudaminer"
| #define PACKAGE_TARNAME "cudaminer"
| #define PACKAGE_VERSION "2014.02.02"
| #define PACKAGE_STRING "cudaminer 2014.02.02"
| #define PACKAGE_BUGREPORT ""
| #define PACKAGE_URL ""
| #define PACKAGE "cudaminer"
| #define VERSION "2014.02.02"
| #define STDC_HEADERS 1
| #define HAVE_SYS_TYPES_H 1
| #define HAVE_SYS_STAT_H 1
| #define HAVE_STDLIB_H 1
| #define HAVE_STRING_H 1
| #define HAVE_MEMORY_H 1
| #define HAVE_STRINGS_H 1
| #define HAVE_INTTYPES_H 1
| #define HAVE_STDINT_H 1
| #define HAVE_UNISTD_H 1
| /* end confdefs.h.  */
| #include <sys/endian.h>
configure:5374: result: no
configure:5374: checking for sys/endian.h
configure:5374: result: no
configure:5374: checking sys/param.h usability
configure:5374: gcc -std=gnu99 -c -g -O2  conftest.c >&5
configure:5374: $? = 0
configure:5374: result: yes
configure:5374: checking sys/param.h presence
configure:5374: gcc -std=gnu99 -E  conftest.c
configure:5374: $? = 0
configure:5374: result: yes
configure:5374: checking for sys/param.h
configure:5374: result: yes
configure:5374: checking syslog.h usability
configure:5374: gcc -std=gnu99 -c -g -O2  conftest.c >&5
configure:5374: $? = 0
configure:5374: result: yes
configure:5374: checking syslog.h presence
configure:5374: gcc -std=gnu99 -E  conftest.c
configure:5374: $? = 0
configure:5374: result: yes
configure:5374: checking for syslog.h
configure:5374: result: yes
configure:5388: checking for sys/sysctl.h
configure:5388: gcc -std=gnu99 -c -g -O2  conftest.c >&5
configure:5388: $? = 0
configure:5388: result: yes
configure:5404: checking whether be32dec is declared
configure:5404: gcc -std=gnu99 -c -g -O2  conftest.c >&5
conftest.c: In function 'main':
conftest.c:69:10: error: 'be32dec' undeclared (first use in this function)
conftest.c:69:10: note: each undeclared identifier is reported only once for each function it appears in
configure:5404: $? = 1
configure: failed program was:
| /* confdefs.h */
| #define PACKAGE_NAME "cudaminer"
| #define PACKAGE_TARNAME "cudaminer"
| #define PACKAGE_VERSION "2014.02.02"
| #define PACKAGE_STRING "cudaminer 2014.02.02"
| #define PACKAGE_BUGREPORT ""
| #define PACKAGE_URL ""
| #define PACKAGE "cudaminer"
| #define VERSION "2014.02.02"
| #define STDC_HEADERS 1
| #define HAVE_SYS_TYPES_H 1
| #define HAVE_SYS_STAT_H 1
| #define HAVE_STDLIB_H 1
| #define HAVE_STRING_H 1
| #define HAVE_MEMORY_H 1
| #define HAVE_STRINGS_H 1
| #define HAVE_INTTYPES_H 1
| #define HAVE_STDINT_H 1
| #define HAVE_UNISTD_H 1
| #define HAVE_SYS_PARAM_H 1
| #define HAVE_SYSLOG_H 1
| #define HAVE_SYS_SYSCTL_H 1
| /* end confdefs.h.  */
| #include <stdio.h>
| #ifdef HAVE_SYS_TYPES_H
| # include <sys/types.h>
| #endif
| #ifdef HAVE_SYS_STAT_H
| # include <sys/stat.h>
| #endif
| #ifdef STDC_HEADERS
| # include <stdlib.h>
| # include <stddef.h>
| #else
| # ifdef HAVE_STDLIB_H
| #  include <stdlib.h>
| # endif
| #endif
| #ifdef HAVE_STRING_H
| # if !defined STDC_HEADERS && defined HAVE_MEMORY_H
| #  include <memory.h>
| # endif
| # include <string.h>
| #endif
| #ifdef HAVE_STRINGS_H
| # include <strings.h>
| #endif
| #ifdef HAVE_INTTYPES_H
| # include <inttypes.h>
| #endif
| #ifdef HAVE_STDINT_H
| # include <stdint.h>
| #endif
| #ifdef HAVE_UNISTD_H
| # include <unistd.h>
| #endif
| #ifdef HAVE_SYS_ENDIAN_H
| #include <sys/endian.h>
| #endif
| 
| 
| int
| main ()
| {
| #ifndef be32dec
| #ifdef __cplusplus
|   (void) be32dec;
| #else
|   (void) be32dec;
| #endif
| #endif
| 
|   ;
|   return 0;
| }
configure:5404: result: no
configure:5419: checking whether le32dec is declared
configure:5419: gcc -std=gnu99 -c -g -O2  conftest.c >&5
conftest.c: In function 'main':
conftest.c:70:10: error: 'le32dec' undeclared (first use in this function)
conftest.c:70:10: note: each undeclared identifier is reported only once for each function it appears in
configure:5419: $? = 1
configure: failed program was:
| /* confdefs.h */
| #define PACKAGE_NAME "cudaminer"
| #define PACKAGE_TARNAME "cudaminer"
| #define PACKAGE_VERSION "2014.02.02"
| #define PACKAGE_STRING "cudaminer 2014.02.02"
| #define PACKAGE_BUGREPORT ""
| #define PACKAGE_URL ""
| #define PACKAGE "cudaminer"
| #define VERSION "2014.02.02"
| #define STDC_HEADERS 1
| #define HAVE_SYS_TYPES_H 1
| #define HAVE_SYS_STAT_H 1
| #define HAVE_STDLIB_H 1
| #define HAVE_STRING_H 1
| #define HAVE_MEMORY_H 1
| #define HAVE_STRINGS_H 1
| #define HAVE_INTTYPES_H 1
| #define HAVE_STDINT_H 1
| #define HAVE_UNISTD_H 1
| #define HAVE_SYS_PARAM_H 1
| #define HAVE_SYSLOG_H 1
| #define HAVE_SYS_SYSCTL_H 1
| #define HAVE_DECL_BE32DEC 0
| /* end confdefs.h.  */
| #include <stdio.h>
| #ifdef HAVE_SYS_TYPES_H
| # include <sys/types.h>
| #endif
| #ifdef HAVE_SYS_STAT_H
| # include <sys/stat.h>
| #endif
| #ifdef STDC_HEADERS
| # include <stdlib.h>
| # include <stddef.h>
| #else
| # ifdef HAVE_STDLIB_H
| #  include <stdlib.h>
| # endif
| #endif
| #ifdef HAVE_STRING_H
| # if !defined STDC_HEADERS && defined HAVE_MEMORY_H
| #  include <memory.h>
| # endif
| # include <string.h>
| #endif
| #ifdef HAVE_STRINGS_H
| # include <strings.h>
| #endif
| #ifdef HAVE_INTTYPES_H
| # include <inttypes.h>
| #endif
| #ifdef HAVE_STDINT_H
| # include <stdint.h>
| #endif
| #ifdef HAVE_UNISTD_H
| # include <unistd.h>
| #endif
| #ifdef HAVE_SYS_ENDIAN_H
| #include <sys/endian.h>
| #endif
| 
| 
| int
| main ()
| {
| #ifndef le32dec
| #ifdef __cplusplus
|   (void) le32dec;
| #else
|   (void) le32dec;
| #endif
| #endif
| 
|   ;
|   return 0;
| }
configure:5419: result: no
configure:5434: checking whether be32enc is declared
configure:5434: gcc -std=gnu99 -c -g -O2  conftest.c >&5
conftest.c: In function 'main':
conftest.c:71:10: error: 'be32enc' undeclared (first use in this function)
conftest.c:71:10: note: each undeclared identifier is reported only once for each function it appears in
configure:5434: $? = 1
configure: failed program was:
| /* confdefs.h */
| #define PACKAGE_NAME "cudaminer"
| #define PACKAGE_TARNAME "cudaminer"
| #define PACKAGE_VERSION "2014.02.02"
| #define PACKAGE_STRING "cudaminer 2014.02.02"
| #define PACKAGE_BUGREPORT ""
| #define PACKAGE_URL ""
| #define PACKAGE "cudaminer"
| #define VERSION "2014.02.02"
| #define STDC_HEADERS 1
| #define HAVE_SYS_TYPES_H 1
| #define HAVE_SYS_STAT_H 1
| #define HAVE_STDLIB_H 1
| #define HAVE_STRING_H 1
| #define HAVE_MEMORY_H 1
| #define HAVE_STRINGS_H 1
| #define HAVE_INTTYPES_H 1
| #define HAVE_STDINT_H 1
| #define HAVE_UNISTD_H 1
| #define HAVE_SYS_PARAM_H 1
| #define HAVE_SYSLOG_H 1
| #define HAVE_SYS_SYSCTL_H 1
| #define HAVE_DECL_BE32DEC 0
| #define HAVE_DECL_LE32DEC 0
| /* end confdefs.h.  */
| #include <stdio.h>
| #ifdef HAVE_SYS_TYPES_H
| # include <sys/types.h>
| #endif
| #ifdef HAVE_SYS_STAT_H
| # include <sys/stat.h>
| #endif
| #ifdef STDC_HEADERS
| # include <stdlib.h>
| # include <stddef.h>
| #else
| # ifdef HAVE_STDLIB_H
| #  include <stdlib.h>
| # endif
| #endif
| #ifdef HAVE_STRING_H
| # if !defined STDC_HEADERS && defined HAVE_MEMORY_H
| #  include <memory.h>
| # endif
| # include <string.h>
| #endif
| #ifdef HAVE_STRINGS_H
| # include <strings.h>
| #endif
| #ifdef HAVE_INTTYPES_H
| # include <inttypes.h>
| #endif
| #ifdef HAVE_STDINT_H
| # include <stdint.h>
| #endif
| #ifdef HAVE_UNISTD_H
| # include <unistd.h>
| #endif
| #ifdef HAVE_SYS_ENDIAN_H
| #include <sys/endian.h>
| #endif
| 
| 
| int
| main ()
| {
| #ifndef be32enc
| #ifdef __cplusplus
|   (void) be32enc;
| #else
|   (void) be32enc;
| #endif
| #endif
| 
|   ;
|   return 0;
| }
configure:5434: result: no
configure:5449: checking whether le32enc is declared
configure:5449: gcc -std=gnu99 -c -g -O2  conftest.c >&5
conftest.c: In function 'main':
conftest.c:72:10: error: 'le32enc' undeclared (first use in this function)
conftest.c:72:10: note: each undeclared identifier is reported only once for each function it appears in
configure:5449: $? = 1
configure: failed program was:
| /* confdefs.h */
| #define PACKAGE_NAME "cudaminer"
| #define PACKAGE_TARNAME "cudaminer"
| #define PACKAGE_VERSION "2014.02.02"
| #define PACKAGE_STRING "cudaminer 2014.02.02"
| #define PACKAGE_BUGREPORT ""
| #define PACKAGE_URL ""
| #define PACKAGE "cudaminer"
| #define VERSION "2014.02.02"
| #define STDC_HEADERS 1
| #define HAVE_SYS_TYPES_H 1
| #define HAVE_SYS_STAT_H 1
| #define HAVE_STDLIB_H 1
| #define HAVE_STRING_H 1
| #define HAVE_MEMORY_H 1
| #define HAVE_STRINGS_H 1
| #define HAVE_INTTYPES_H 1
| #define HAVE_STDINT_H 1
| #define HAVE_UNISTD_H 1
| #define HAVE_SYS_PARAM_H 1
| #define HAVE_SYSLOG_H 1
| #define HAVE_SYS_SYSCTL_H 1
| #define HAVE_DECL_BE32DEC 0
| #define HAVE_DECL_LE32DEC 0
| #define HAVE_DECL_BE32ENC 0
| /* end confdefs.h.  */
| #include <stdio.h>
| #ifdef HAVE_SYS_TYPES_H
| # include <sys/types.h>
| #endif
| #ifdef HAVE_SYS_STAT_H
| # include <sys/stat.h>
| #endif
| #ifdef STDC_HEADERS
| # include <stdlib.h>
| # include <stddef.h>
| #else
| # ifdef HAVE_STDLIB_H
| #  include <stdlib.h>
| # endif
| #endif
| #ifdef HAVE_STRING_H
| # if !defined STDC_HEADERS && defined HAVE_MEMORY_H
| #  include <memory.h>
| # endif
| # include <string.h>
| #endif
| #ifdef HAVE_STRINGS_H
| # include <strings.h>
| #endif
| #ifdef HAVE_INTTYPES_H
| # include <inttypes.h>
| #endif
| #ifdef HAVE_STDINT_H
| # include <stdint.h>
| #endif
| #ifdef HAVE_UNISTD_H
| # include <unistd.h>
| #endif
| #ifdef HAVE_SYS_ENDIAN_H
| #include <sys/endian.h>
| #endif
| 
| 
| int
| main ()
| {
| #ifndef le32enc
| #ifdef __cplusplus
|   (void) le32enc;
| #else
|   (void) le32enc;
| #endif
| #endif
| 
|   ;
|   return 0;
| }
configure:5449: result: no
configure:5466: checking for size_t
configure:5466: gcc -std=gnu99 -c -g -O2  conftest.c >&5
configure:5466: $? = 0
configure:5466: gcc -std=gnu99 -c -g -O2  conftest.c >&5
conftest.c: In function 'main':
conftest.c:64:21: error: expected expression before ')' token
configure:5466: $? = 1
configure: failed program was:
| /* confdefs.h */
| #define PACKAGE_NAME "cudaminer"
| #define PACKAGE_TARNAME "cudaminer"
| #define PACKAGE_VERSION "2014.02.02"
| #define PACKAGE_STRING "cudaminer 2014.02.02"
| #define PACKAGE_BUGREPORT ""
| #define PACKAGE_URL ""
| #define PACKAGE "cudaminer"
| #define VERSION "2014.02.02"
| #define STDC_HEADERS 1
| #define HAVE_SYS_TYPES_H 1
| #define HAVE_SYS_STAT_H 1
| #define HAVE_STDLIB_H 1
| #define HAVE_STRING_H 1
| #define HAVE_MEMORY_H 1
| #define HAVE_STRINGS_H 1
| #define HAVE_INTTYPES_H 1
| #define HAVE_STDINT_H 1
| #define HAVE_UNISTD_H 1
| #define HAVE_SYS_PARAM_H 1
| #define HAVE_SYSLOG_H 1
| #define HAVE_SYS_SYSCTL_H 1
| #define HAVE_DECL_BE32DEC 0
| #define HAVE_DECL_LE32DEC 0
| #define HAVE_DECL_BE32ENC 0
| #define HAVE_DECL_LE32ENC 0
| /* end confdefs.h.  */
| #include <stdio.h>
| #ifdef HAVE_SYS_TYPES_H
| # include <sys/types.h>
| #endif
| #ifdef HAVE_SYS_STAT_H
| # include <sys/stat.h>
| #endif
| #ifdef STDC_HEADERS
| # include <stdlib.h>
| # include <stddef.h>
| #else
| # ifdef HAVE_STDLIB_H
| #  include <stdlib.h>
| # endif
| #endif
| #ifdef HAVE_STRING_H
| # if !defined STDC_HEADERS && defined HAVE_MEMORY_H
| #  include <memory.h>
| # endif
| # include <string.h>
| #endif
| #ifdef HAVE_STRINGS_H
| # include <strings.h>
| #endif
| #ifdef HAVE_INTTYPES_H
| # include <inttypes.h>
| #endif
| #ifdef HAVE_STDINT_H
| # include <stdint.h>
| #endif
| #ifdef HAVE_UNISTD_H
| # include <unistd.h>
| #endif
| int
| main ()
| {
| if (sizeof ((size_t)))
| 	    return 0;
|   ;
|   return 0;
| }
configure:5466: result: yes
configure:5479: checking for working alloca.h
configure:5496: gcc -std=gnu99 -o conftest -g -O2   conftest.c  >&5
configure:5496: $? = 0
configure:5504: result: yes
configure:5512: checking for alloca
configure:5549: gcc -std=gnu99 -o conftest -g -O2   conftest.c  >&5
configure:5549: $? = 0
configure:5557: result: yes
configure:5668: checking for getopt_long
configure:5668: gcc -std=gnu99 -o conftest -g -O2   conftest.c  >&5
configure:5668: $? = 0
configure:5668: result: yes
configure:5705: checking whether we can compile AVX code
configure:5718: gcc -std=gnu99 -c -g -O2  conftest.c >&5
configure:5718: $? = 0
configure:5722: result: yes
configure:5724: checking whether we can compile XOP code
configure:5737: gcc -std=gnu99 -c -g -O2  conftest.c >&5
configure:5737: $? = 0
configure:5741: result: yes
configure:5752: checking whether we can compile AVX2 code
configure:5765: gcc -std=gnu99 -c -g -O2  conftest.c >&5
configure:5765: $? = 0
configure:5769: result: yes
configure:5791: checking for json_loads in -ljansson
configure:5816: gcc -std=gnu99 -o conftest -g -O2   conftest.c -ljansson   >&5
/usr/bin/ld: cannot find -ljansson
collect2: ld returned 1 exit status
configure:5816: $? = 1
configure: failed program was:
| /* confdefs.h */
| #define PACKAGE_NAME "cudaminer"
| #define PACKAGE_TARNAME "cudaminer"
| #define PACKAGE_VERSION "2014.02.02"
| #define PACKAGE_STRING "cudaminer 2014.02.02"
| #define PACKAGE_BUGREPORT ""
| #define PACKAGE_URL ""
| #define PACKAGE "cudaminer"
| #define VERSION "2014.02.02"
| #define STDC_HEADERS 1
| #define HAVE_SYS_TYPES_H 1
| #define HAVE_SYS_STAT_H 1
| #define HAVE_STDLIB_H 1
| #define HAVE_STRING_H 1
| #define HAVE_MEMORY_H 1
| #define HAVE_STRINGS_H 1
| #define HAVE_INTTYPES_H 1
| #define HAVE_STDINT_H 1
| #define HAVE_UNISTD_H 1
| #define HAVE_SYS_PARAM_H 1
| #define HAVE_SYSLOG_H 1
| #define HAVE_SYS_SYSCTL_H 1
| #define HAVE_DECL_BE32DEC 0
| #define HAVE_DECL_LE32DEC 0
| #define HAVE_DECL_BE32ENC 0
| #define HAVE_DECL_LE32ENC 0
| #define HAVE_ALLOCA_H 1
| #define HAVE_ALLOCA 1
| #define HAVE_GETOPT_LONG 1
| #define USE_AVX 1
| #define USE_XOP 1
| #define USE_AVX2 1
| /* end confdefs.h.  */
| 
| /* Override any GCC internal prototype to avoid an error.
|    Use char because int might match the return type of a GCC
|    builtin and then its argument prototype would still apply.  */
| #ifdef __cplusplus
| extern "C"
| #endif
| char json_loads ();
| int
| main ()
| {
| return json_loads ();
|   ;
|   return 0;
| }
configure:5825: result: no
configure:5833: checking for pthread_create in -lpthread
configure:5858: gcc -std=gnu99 -o conftest -g -O2   conftest.c -lpthread   >&5
configure:5858: $? = 0
configure:5867: result: yes
configure:6077: checking for gawk
configure:6104: result: gawk
configure:6166: checking for curl-config
configure:6184: found /usr/bin/curl-config
configure:6196: result: /usr/bin/curl-config
configure:6207: checking for the version of libcurl
configure:6214: result: 7.22.0
configure:6221: checking for libcurl >= version 7.15.2
configure:6234: result: yes
configure:6275: checking whether libcurl is usable
configure:6308: gcc -std=gnu99 -o conftest -g -O2    conftest.c -L/usr/lib/x86_64-linux-gnu -lcurl -Wl,-Bsymbolic-functions -Wl,-z,relro  >&5
configure:6308: $? = 0
configure:6322: result: yes
configure:6335: checking for curl_free
configure:6335: gcc -std=gnu99 -o conftest -g -O2    conftest.c  -L/usr/lib/x86_64-linux-gnu -lcurl -Wl,-Bsymbolic-functions -Wl,-z,relro >&5
configure:6335: $? = 0
configure:6335: result: yes
configure:6622: creating ./config.status

## ---------------- ##
## Cache variables. ##
## ---------------- ##

ac_cv_build=x86_64-unknown-linux-gnu
ac_cv_c_compiler_gnu=yes
ac_cv_cxx_compiler_gnu=yes
ac_cv_env_CCASFLAGS_set=
ac_cv_env_CCASFLAGS_value=
ac_cv_env_CCAS_set=
ac_cv_env_CCAS_value=
ac_cv_env_CCC_set=
ac_cv_env_CCC_value=
ac_cv_env_CC_set=
ac_cv_env_CC_value=
ac_cv_env_CFLAGS_set=
ac_cv_env_CFLAGS_value=
ac_cv_env_CPPFLAGS_set=
ac_cv_env_CPPFLAGS_value=
ac_cv_env_CPP_set=
ac_cv_env_CPP_value=
ac_cv_env_CXXFLAGS_set=
ac_cv_env_CXXFLAGS_value=
ac_cv_env_CXX_set=
ac_cv_env_CXX_value=
ac_cv_env_LDFLAGS_set=
ac_cv_env_LDFLAGS_value=
ac_cv_env_LIBS_set=
ac_cv_env_LIBS_value=
ac_cv_env_build_alias_set=
ac_cv_env_build_alias_value=
ac_cv_env_host_alias_set=
ac_cv_env_host_alias_value=
ac_cv_env_target_alias_set=
ac_cv_env_target_alias_value=
ac_cv_func_alloca_works=yes
ac_cv_func_curl_free=yes
ac_cv_func_getopt_long=yes
ac_cv_have_decl_be32dec=no
ac_cv_have_decl_be32enc=no
ac_cv_have_decl_le32dec=no
ac_cv_have_decl_le32enc=no
ac_cv_header_inttypes_h=yes
ac_cv_header_memory_h=yes
ac_cv_header_stdc=yes
ac_cv_header_stdint_h=yes
ac_cv_header_stdlib_h=yes
ac_cv_header_string_h=yes
ac_cv_header_strings_h=yes
ac_cv_header_sys_endian_h=no
ac_cv_header_sys_param_h=yes
ac_cv_header_sys_stat_h=yes
ac_cv_header_sys_sysctl_h=yes
ac_cv_header_sys_types_h=yes
ac_cv_header_syslog_h=yes
ac_cv_header_unistd_h=yes
ac_cv_host=x86_64-unknown-linux-gnu
ac_cv_lib_jansson_json_loads=no
ac_cv_lib_pthread_pthread_create=yes
ac_cv_objext=o
ac_cv_path_EGREP='/bin/grep -E'
ac_cv_path_GREP=/bin/grep
ac_cv_path__libcurl_config=/usr/bin/curl-config
ac_cv_path_install='/usr/bin/install -c'
ac_cv_path_mkdir=/bin/mkdir
ac_cv_prog_AWK=gawk
ac_cv_prog_CPP='gcc -std=gnu99 -E'
ac_cv_prog_ac_ct_CC=gcc
ac_cv_prog_ac_ct_CXX=g++
ac_cv_prog_ac_ct_RANLIB=ranlib
ac_cv_prog_c_openmp=-fopenmp
ac_cv_prog_cc_c89=
ac_cv_prog_cc_c99=-std=gnu99
ac_cv_prog_cc_g=yes
ac_cv_prog_cc_gcc_c_o=yes
ac_cv_prog_cxx_g=yes
ac_cv_prog_gcc_traditional=no
ac_cv_prog_make_make_set=yes
ac_cv_target=x86_64-unknown-linux-gnu
ac_cv_type_size_t=yes
ac_cv_working_alloca_h=yes
am_cv_CCAS_dependencies_compiler_type=gcc3
am_cv_CC_dependencies_compiler_type=gcc3
am_cv_CXX_dependencies_compiler_type=gcc3
libcurl_cv_lib_curl_usable=yes
libcurl_cv_lib_curl_version=7.22.0
libcurl_cv_lib_version_ok=yes

## ----------------- ##
## Output variables. ##
## ----------------- ##

ACLOCAL='${SHELL} /home/buchner/CudaMiner/missing --run aclocal-1.11'
ALLOCA=''
AMDEPBACKSLASH='\'
AMDEP_FALSE='#'
AMDEP_TRUE=''
AMTAR='$${TAR-tar}'
ARCH_x86_64_FALSE='#'
ARCH_x86_64_TRUE=''
ARCH_x86_FALSE='#'
ARCH_x86_TRUE=''
AUTOCONF='${SHELL} /home/buchner/CudaMiner/missing --run autoconf'
AUTOHEADER='${SHELL} /home/buchner/CudaMiner/missing --run autoheader'
AUTOMAKE='${SHELL} /home/buchner/CudaMiner/missing --run automake-1.11'
AWK='gawk'
CC='gcc -std=gnu99'
CCAS='gcc -std=gnu99'
CCASDEPMODE='depmode=gcc3'
CCASFLAGS='-g -O2'
CCDEPMODE='depmode=gcc3'
CFLAGS='-g -O2'
CPP='gcc -std=gnu99 -E'
CPPFLAGS=''
CUDA_CFLAGS='-I/usr/local/cuda/include'
CUDA_LDFLAGS='-L/usr/local/cuda/lib64'
CUDA_LIBS='-lcudart'
CXX='g++'
CXXDEPMODE='depmode=gcc3'
CXXFLAGS='-g -O2'
CYGPATH_W='echo'
DEFS='-DHAVE_CONFIG_H'
DEPDIR='.deps'
ECHO_C=''
ECHO_N='-n'
ECHO_T=''
EGREP='/bin/grep -E'
EXEEXT=''
GREP='/bin/grep'
HAVE_WINDOWS_FALSE=''
HAVE_WINDOWS_TRUE='#'
INSTALL_DATA='${INSTALL} -m 644'
INSTALL_PROGRAM='${INSTALL}'
INSTALL_SCRIPT='${INSTALL}'
INSTALL_STRIP_PROGRAM='$(install_sh) -c -s'
JANSSON_LIBS='compat/jansson/libjansson.a'
LDFLAGS=''
LIBCURL='-L/usr/lib/x86_64-linux-gnu -lcurl -Wl,-Bsymbolic-functions -Wl,-z,relro'
LIBCURL_CPPFLAGS=''
LIBOBJS=''
LIBS=''
LTLIBOBJS=''
MAINT='#'
MAINTAINER_MODE_FALSE=''
MAINTAINER_MODE_TRUE='#'
MAKEINFO='${SHELL} /home/buchner/CudaMiner/missing --run makeinfo'
MKDIR_P='/bin/mkdir -p'
NVCC='nvcc'
OBJEXT='o'
OPENMP_CFLAGS='-fopenmp'
PACKAGE='cudaminer'
PACKAGE_BUGREPORT=''
PACKAGE_NAME='cudaminer'
PACKAGE_STRING='cudaminer 2014.02.02'
PACKAGE_TARNAME='cudaminer'
PACKAGE_URL=''
PACKAGE_VERSION='2014.02.02'
PATH_SEPARATOR=':'
PTHREAD_FLAGS='-pthread'
PTHREAD_LIBS='-lpthread'
RANLIB='ranlib'
SET_MAKE=''
SHELL='/bin/bash'
STRIP=''
VERSION='2014.02.02'
WANT_JANSSON_FALSE='#'
WANT_JANSSON_TRUE=''
WS2_LIBS=''
_libcurl_config=''
ac_ct_CC='gcc'
ac_ct_CXX='g++'
am__EXEEXT_FALSE=''
am__EXEEXT_TRUE='#'
am__fastdepCCAS_FALSE='#'
am__fastdepCCAS_TRUE=''
am__fastdepCC_FALSE='#'
am__fastdepCC_TRUE=''
am__fastdepCXX_FALSE='#'
am__fastdepCXX_TRUE=''
am__include='include'
am__isrc=''
am__leading_dot='.'
am__nodep='_no'
am__quote=''
am__tar='$${TAR-tar} chof - "$$tardir"'
am__untar='$${TAR-tar} xf -'
bindir='${exec_prefix}/bin'
build='x86_64-unknown-linux-gnu'
build_alias=''
build_cpu='x86_64'
build_os='linux-gnu'
build_vendor='unknown'
datadir='${datarootdir}'
datarootdir='${prefix}/share'
docdir='${datarootdir}/doc/${PACKAGE_TARNAME}'
dvidir='${docdir}'
exec_prefix='${prefix}'
host='x86_64-unknown-linux-gnu'
host_alias=''
host_cpu='x86_64'
host_os='linux-gnu'
host_vendor='unknown'
htmldir='${docdir}'
includedir='${prefix}/include'
infodir='${datarootdir}/info'
install_sh='${SHELL} /home/buchner/CudaMiner/install-sh'
libdir='${exec_prefix}/lib'
libexecdir='${exec_prefix}/libexec'
localedir='${datarootdir}/locale'
localstatedir='${prefix}/var'
mandir='${datarootdir}/man'
mkdir_p='/bin/mkdir -p'
oldincludedir='/usr/include'
pdfdir='${docdir}'
prefix='/usr/local'
program_transform_name='s,x,x,'
psdir='${docdir}'
sbindir='${exec_prefix}/sbin'
sharedstatedir='${prefix}/com'
sysconfdir='${prefix}/etc'
target='x86_64-unknown-linux-gnu'
target_alias=''
target_cpu='x86_64'
target_os='linux-gnu'
target_vendor='unknown'

## ----------- ##
## confdefs.h. ##
## ----------- ##

/* confdefs.h */
#define PACKAGE_NAME "cudaminer"
#define PACKAGE_TARNAME "cudaminer"
#define PACKAGE_VERSION "2014.02.02"
#define PACKAGE_STRING "cudaminer 2014.02.02"
#define PACKAGE_BUGREPORT ""
#define PACKAGE_URL ""
#define PACKAGE "cudaminer"
#define VERSION "2014.02.02"
#define STDC_HEADERS 1
#define HAVE_SYS_TYPES_H 1
#define HAVE_SYS_STAT_H 1
#define HAVE_STDLIB_H 1
#define HAVE_STRING_H 1
#define HAVE_MEMORY_H 1
#define HAVE_STRINGS_H 1
#define HAVE_INTTYPES_H 1
#define HAVE_STDINT_H 1
#define HAVE_UNISTD_H 1
#define HAVE_SYS_PARAM_H 1
#define HAVE_SYSLOG_H 1
#define HAVE_SYS_SYSCTL_H 1
#define HAVE_DECL_BE32DEC 0
#define HAVE_DECL_LE32DEC 0
#define HAVE_DECL_BE32ENC 0
#define HAVE_DECL_LE32ENC 0
#define HAVE_ALLOCA_H 1
#define HAVE_ALLOCA 1
#define HAVE_GETOPT_LONG 1
#define USE_AVX 1
#define USE_XOP 1
#define USE_AVX2 1
#define HAVE_LIBCURL 1
#define LIBCURL_FEATURE_SSL 1
#define LIBCURL_FEATURE_IPV6 1
#define LIBCURL_FEATURE_LIBZ 1
#define LIBCURL_FEATURE_IDN 1
#define LIBCURL_FEATURE_NTLM 1
#define LIBCURL_FEATURE_NTLM_WB 1
#define LIBCURL_FEATURE_TLS_SRP 1
#define LIBCURL_PROTOCOL_DICT 1
#define LIBCURL_PROTOCOL_FILE 1
#define LIBCURL_PROTOCOL_FTP 1
#define LIBCURL_PROTOCOL_FTPS 1
#define LIBCURL_PROTOCOL_GOPHER 1
#define LIBCURL_PROTOCOL_HTTP 1
#define LIBCURL_PROTOCOL_HTTPS 1
#define LIBCURL_PROTOCOL_IMAP 1
#define LIBCURL_PROTOCOL_IMAPS 1
#define LIBCURL_PROTOCOL_LDAP 1
#define LIBCURL_PROTOCOL_POP3 1
#define LIBCURL_PROTOCOL_POP3S 1
#define LIBCURL_PROTOCOL_RTMP 1
#define LIBCURL_PROTOCOL_RTSP 1
#define LIBCURL_PROTOCOL_SMTP 1
#define LIBCURL_PROTOCOL_SMTPS 1
#define LIBCURL_PROTOCOL_TELNET 1
#define LIBCURL_PROTOCOL_TFTP 1

configure: exit 0

## ---------------------- ##
## Running config.status. ##
## ---------------------- ##

This file was extended by cudaminer config.status 2014.02.02, which was
generated by GNU Autoconf 2.68.  Invocation command line was

  CONFIG_FILES    = 
  CONFIG_HEADERS  = 
  CONFIG_LINKS    = 
  CONFIG_COMMANDS = 
  $ ./config.status 

on Rennsemmel

config.status:949: creating Makefile
config.status:949: creating compat/Makefile
config.status:949: creating compat/jansson/Makefile
config.status:949: creating cpuminer-config.h
config.status:1178: executing depfiles commands
